2026-03-09T20:57:38.958306Z DEBUG flox: FLOX_VERSION=1.9.1-g299f53d
2026-03-09T20:57:38.958737Z DEBUG flox::config: Global config directory overridden path="/home/rowan/.config/flox"
2026-03-09T20:57:38.959119Z DEBUG flox_core::sentry: No Sentry DSN set, skipping Sentry initialization
2026-03-09T20:57:38.959134Z DEBUG flox: set _FLOX_SUBSYSTEM_VERBOSITY=2
2026-03-09T20:57:38.962074Z DEBUG flox::config: Global config directory overridden path="/home/rowan/.config/flox"
2026-03-09T20:57:38.962479Z DEBUG flox::commands: Metrics collection enabled
2026-03-09T20:57:38.962500Z DEBUG flox::utils::update_notifications: Skipping update check in development mode
2026-03-09T20:57:38.962548Z DEBUG flox::utils::init::catalog_client: using catalog client with url: https://api.flox.dev
2026-03-09T20:57:38.978411Z DEBUG flox::commands: feature flags configured=Features { upload: false, qa: false, outputs: false }
2026-03-09T20:57:38.978725Z DEBUG check-upgrade: flox::utils::metrics: pushing entry to metrics buffer: MetricEntry { subcommand: Some("check-upgrade"), extras: {}, timestamp: 2026-03-09 20:57:38.978607894 +00:00:00, uuid: 4d93e848-8353-49cc-a8ed-5077d3cda053, flox_version: "1.9.1-g299f53d", os_family: Some("Linux"), os_family_release: Some("6.19.6"), os: Some("nixos"), os_version: Some("26.05"), empty_flags: [], invocation_sources: [] }
2026-03-09T20:57:39.000023Z DEBUG check-upgrade: flox_rust_sdk::models::environment: detected concrete environment type: path
2026-03-09T20:57:39.001301Z DEBUG check-upgrade: flox_rust_sdk::providers::upgrade_checks: created unlocked upgrade information guard upgrade_information_path="/home/rowan/dev/neurounify/.flox/cache/upgrade-checks.json"
2026-03-09T20:57:39.001889Z DEBUG check-upgrade: flox_rust_sdk::providers::upgrade_checks: lock acquired upgrade_information_path="/home/rowan/dev/neurounify/.flox/cache/upgrade-checks.json"
2026-03-09T20:57:39.002568Z DEBUG check-upgrade:check-upgrade: flox_rust_sdk::models::environment::core_environment: upgrading to_upgrade=""
2026-03-09T20:57:39.003054Z DEBUG check-upgrade:check-upgrade: flox_rust_sdk::models::environment::core_environment: checking group membership for requested packages
2026-03-09T20:57:39.003069Z DEBUG check-upgrade:check-upgrade: flox_rust_sdk::models::environment::core_environment: using catalog client to upgrade
2026-03-09T20:57:39.003081Z DEBUG check-upgrade:check-upgrade: flox_rust_sdk::models::environment::core_environment: upgrading to_upgrade=""
2026-03-09T20:57:39.003991Z DEBUG check-upgrade:check-upgrade:resolve_manifest:resolve: flox_rust_sdk::providers::catalog: resolving package groups n_groups=3
2026-03-09T20:57:41.881088Z DEBUG check-upgrade:check-upgrade:resolve_manifest:resolve: flox_rust_sdk::providers::catalog: received resolved package groups n_groups=3
2026-03-09T20:57:41.881374Z DEBUG check-upgrade:check-upgrade:resolve_manifest: flox_rust_sdk::models::lockfile: no resolution failures detected
2026-03-09T20:57:41.882656Z DEBUG check-upgrade:check-upgrade:build: flox_rust_sdk::providers::buildenv: bulk checking validity of store_paths (paths passed to stdin) cmd=/nix/store/qb1wfcd8w54i80zh4l98cmn1g58hggvc-nix-2.31.2+1/bin/nix --option extra-experimental-features 'nix-command flakes' path-info --offline --stdin
2026-03-09T20:57:41.994112Z DEBUG check-upgrade:check-upgrade:build: flox_rust_sdk::providers::buildenv: bulk setting gc roots for store_paths cmd="echo '/nix/store/p96faw8wiwi10cy94hr42gzmiapv15fm-cargo-1.93.0 /nix/store/d3m2s0dlz5vcm5g696b3di5i3nvcpy5v-cargo-watch-8.5.3 /nix/store/xqnf1bdi96i044mgfqvw9kll3554nbr9-rust-lib-src /nix/store/y4w0s8xvh9n87mkr0svjq9n62g8gn252-cargo-edit-0.13.8 /nix/store/rsy1282lj3dg4wdf5d00yvz7f6hjzxin-rustc-wrapper-1.93.0 /nix/store/jxsjbrzcxww6v7g4n4fqcw6sj7z7s3y9-rustc-wrapper-1.93.0-doc /nix/store/mj78x8b2vp0q9j6xf7bmvinn3m2csfhp-gcc-wrapper-15.2.0-info /nix/store/4gnq76nks0g1nddaggsw7v17agaacyh3-cargo-nextest-0.9.129 /nix/store/5v47mbiidhck8rzw141hvmwkh515pfg3-clippy-1.93.0-debug /nix/store/ldphiq5qwqslsz66qzff1ifwxwjczgjg-cargo-machete-0.9.1 /nix/store/yb62fm7wf3ysn5rnfj2r03snmk9pwwa2-rustfmt-1.93.0 /nix/store/kfxswj02a5bskwnwn3jdz3micybbaw2r-rustc-wrapper-1.93.0-man /nix/store/xnyh9bi9wap6m3fq94q6sbav2qhh8f0d-taplo-0.10.0 /nix/store/kbw2j1vag664b3sj3rjwz9v53cqx87sb-gcc-wrapper-15.2.0 /nix/store/3h49id8siw8mlpkk47n8bxbkhiqwwc15-rust-analyzer-2026-02-16 /nix/store/crcj0frpw4i8shmfwgyfx9fsqklf2iq5-gcc-wrapper-15.2.0-man /nix/store/0yj3hz7imj1zxmppn9gfps8h2jmvdi7g-clippy-1.93.0' | /nix/store/qb1wfcd8w54i80zh4l98cmn1g58hggvc-nix-2.31.2+1/bin/nix --option extra-experimental-features 'nix-command flakes' build --stdin --offline -j 0 --out-link /home/rowan/.local/cache/flox/process/.tmpzEvOAc/temp-roots/pre-checked-paths"
2026-03-09T20:57:42.114513Z DEBUG check-upgrade:check-upgrade:build: flox_rust_sdk::providers::buildenv: using 'auto' store
2026-03-09T20:57:42.114556Z DEBUG check-upgrade:check-upgrade:build: flox_rust_sdk::providers::buildenv: building environment cmd=/nix/store/qb1wfcd8w54i80zh4l98cmn1g58hggvc-nix-2.31.2+1/bin/nix --option extra-experimental-features 'nix-command flakes' --option pure-eval false --print-build-logs build --no-link --offline --json --file /nix/store/a8vdkk6fhs2mcg1qhm4hwmiz6aizhyb7-flox-buildenv-0.0.1/lib/buildenv.nix --argstr manifestLock /home/rowan/.local/cache/flox/process/.tmpzEvOAc/.tmp8XF4ff
2026-03-09T20:57:42.240507Z DEBUG check-upgrade: flox_rust_sdk::providers::upgrade_checks: wrote upgrade information upgrade_information_path="/home/rowan/dev/neurounify/.flox/cache/upgrade-checks.json"
2026-03-09T20:57:42.240812Z DEBUG flox::commands: removing process tempdir temp_dir="/home/rowan/.local/cache/flox/process/.tmpzEvOAc"
