2026-03-09T20:48:02.147690Z DEBUG flox: FLOX_VERSION=1.9.1-g299f53d
2026-03-09T20:48:02.148342Z DEBUG flox::config: Global config directory overridden path="/home/rowan/.config/flox"
2026-03-09T20:48:02.148764Z DEBUG flox_core::sentry: No Sentry DSN set, skipping Sentry initialization
2026-03-09T20:48:02.148779Z DEBUG flox: set _FLOX_SUBSYSTEM_VERBOSITY=2
2026-03-09T20:48:02.152381Z DEBUG flox::config: Global config directory overridden path="/home/rowan/.config/flox"
2026-03-09T20:48:02.152891Z DEBUG flox::commands: Metrics collection enabled
2026-03-09T20:48:02.152951Z DEBUG flox::utils::update_notifications: Skipping update check in development mode
2026-03-09T20:48:02.152968Z DEBUG flox::utils::init::catalog_client: using catalog client with url: https://api.flox.dev
2026-03-09T20:48:02.182727Z DEBUG flox::commands: feature flags configured=Features { upload: false, qa: false, outputs: false }
2026-03-09T20:48:02.183232Z DEBUG check-upgrade: flox::utils::metrics: pushing entry to metrics buffer: MetricEntry { subcommand: Some("check-upgrade"), extras: {}, timestamp: 2026-03-09 20:48:02.183056331 +00:00:00, uuid: 4d93e848-8353-49cc-a8ed-5077d3cda053, flox_version: "1.9.1-g299f53d", os_family: Some("Linux"), os_family_release: Some("6.19.6"), os: Some("nixos"), os_version: Some("26.05"), empty_flags: [], invocation_sources: [] }
2026-03-09T20:48:02.208551Z DEBUG check-upgrade: flox_rust_sdk::models::environment: detected concrete environment type: path
2026-03-09T20:48:02.208965Z DEBUG check-upgrade: flox_rust_sdk::providers::upgrade_checks: created unlocked upgrade information guard upgrade_information_path="/home/rowan/dev/neurounify/.flox/cache/upgrade-checks.json"
2026-03-09T20:48:02.209054Z DEBUG check-upgrade: flox_rust_sdk::providers::upgrade_checks: lock acquired upgrade_information_path="/home/rowan/dev/neurounify/.flox/cache/upgrade-checks.json"
2026-03-09T20:48:02.209452Z DEBUG check-upgrade:check-upgrade: flox_rust_sdk::models::environment::core_environment: upgrading to_upgrade=""
2026-03-09T20:48:02.210658Z DEBUG check-upgrade:check-upgrade: flox_rust_sdk::models::environment::core_environment: checking group membership for requested packages
2026-03-09T20:48:02.210692Z DEBUG check-upgrade:check-upgrade: flox_rust_sdk::models::environment::core_environment: using catalog client to upgrade
2026-03-09T20:48:02.210699Z DEBUG check-upgrade:check-upgrade: flox_rust_sdk::models::environment::core_environment: upgrading to_upgrade=""
2026-03-09T20:48:02.211998Z DEBUG check-upgrade:check-upgrade:resolve_manifest:resolve: flox_rust_sdk::providers::catalog: resolving package groups n_groups=3
2026-03-09T20:48:06.370291Z DEBUG check-upgrade:check-upgrade:resolve_manifest:resolve: flox_rust_sdk::providers::catalog: received resolved package groups n_groups=3
2026-03-09T20:48:06.370564Z DEBUG check-upgrade:check-upgrade:resolve_manifest: flox_rust_sdk::models::lockfile: no resolution failures detected
2026-03-09T20:48:06.372419Z DEBUG check-upgrade:check-upgrade:build: flox_rust_sdk::providers::buildenv: bulk checking validity of store_paths (paths passed to stdin) cmd=/nix/store/qb1wfcd8w54i80zh4l98cmn1g58hggvc-nix-2.31.2+1/bin/nix --option extra-experimental-features 'nix-command flakes' path-info --offline --stdin
2026-03-09T20:48:06.709476Z DEBUG check-upgrade:check-upgrade:build: flox_rust_sdk::providers::buildenv: no paths to create gc roots for, skipping
2026-03-09T20:48:06.710701Z DEBUG check-upgrade:check-upgrade:build:substitute catalog package: flox_rust_sdk::providers::buildenv: using 'auto' store
2026-03-09T20:48:06.710764Z DEBUG check-upgrade:check-upgrade:build:substitute catalog package: flox_rust_sdk::providers::buildenv: checking store paths, including substituters cmd=/nix/store/qb1wfcd8w54i80zh4l98cmn1g58hggvc-nix-2.31.2+1/bin/nix --option extra-experimental-features 'nix-command flakes' --option pure-eval false --print-build-logs build --out-link /home/rowan/.local/cache/flox/process/.tmp14Urqx/temp-roots/by-iid/cargo /nix/store/p96faw8wiwi10cy94hr42gzmiapv15fm-cargo-1.93.0
2026-03-09T20:48:06.711442Z DEBUG check-upgrade:check-upgrade:build:substitute catalog package: flox_rust_sdk::providers::buildenv: using 'auto' store
2026-03-09T20:48:06.711762Z DEBUG check-upgrade:check-upgrade:build:substitute catalog package: flox_rust_sdk::providers::buildenv: checking store paths, including substituters cmd=/nix/store/qb1wfcd8w54i80zh4l98cmn1g58hggvc-nix-2.31.2+1/bin/nix --option extra-experimental-features 'nix-command flakes' --option pure-eval false --print-build-logs build --out-link /home/rowan/.local/cache/flox/process/.tmp14Urqx/temp-roots/by-iid/rust-analyzer /nix/store/3h49id8siw8mlpkk47n8bxbkhiqwwc15-rust-analyzer-2026-02-16
2026-03-09T20:48:06.712846Z DEBUG check-upgrade:check-upgrade:build:substitute catalog package: flox_rust_sdk::providers::buildenv: using 'auto' store
2026-03-09T20:48:06.712872Z DEBUG check-upgrade:check-upgrade:build:substitute catalog package: flox_rust_sdk::providers::buildenv: checking store paths, including substituters cmd=/nix/store/qb1wfcd8w54i80zh4l98cmn1g58hggvc-nix-2.31.2+1/bin/nix --option extra-experimental-features 'nix-command flakes' --option pure-eval false --print-build-logs build --out-link /home/rowan/.local/cache/flox/process/.tmp14Urqx/temp-roots/by-iid/cargo-nextest /nix/store/4gnq76nks0g1nddaggsw7v17agaacyh3-cargo-nextest-0.9.129
2026-03-09T20:48:06.712967Z DEBUG check-upgrade:check-upgrade:build:substitute catalog package: flox_rust_sdk::providers::buildenv: using 'auto' store
2026-03-09T20:48:06.712988Z DEBUG check-upgrade:check-upgrade:build:substitute catalog package: flox_rust_sdk::providers::buildenv: checking store paths, including substituters cmd=/nix/store/qb1wfcd8w54i80zh4l98cmn1g58hggvc-nix-2.31.2+1/bin/nix --option extra-experimental-features 'nix-command flakes' --option pure-eval false --print-build-logs build --out-link /home/rowan/.local/cache/flox/process/.tmp14Urqx/temp-roots/by-iid/rust-lib-src /nix/store/xqnf1bdi96i044mgfqvw9kll3554nbr9-rust-lib-src
2026-03-09T20:48:06.713047Z DEBUG check-upgrade:check-upgrade:build:substitute catalog package: flox_rust_sdk::providers::buildenv: using 'auto' store
2026-03-09T20:48:06.713064Z DEBUG check-upgrade:check-upgrade:build:substitute catalog package: flox_rust_sdk::providers::buildenv: checking store paths, including substituters cmd=/nix/store/qb1wfcd8w54i80zh4l98cmn1g58hggvc-nix-2.31.2+1/bin/nix --option extra-experimental-features 'nix-command flakes' --option pure-eval false --print-build-logs build --out-link /home/rowan/.local/cache/flox/process/.tmp14Urqx/temp-roots/by-iid/cargo-machete /nix/store/ldphiq5qwqslsz66qzff1ifwxwjczgjg-cargo-machete-0.9.1
2026-03-09T20:48:06.713312Z DEBUG check-upgrade:check-upgrade:build:substitute catalog package: flox_rust_sdk::providers::buildenv: using 'auto' store
2026-03-09T20:48:06.713327Z DEBUG check-upgrade:check-upgrade:build:substitute catalog package: flox_rust_sdk::providers::buildenv: checking store paths, including substituters cmd=/nix/store/qb1wfcd8w54i80zh4l98cmn1g58hggvc-nix-2.31.2+1/bin/nix --option extra-experimental-features 'nix-command flakes' --option pure-eval false --print-build-logs build --out-link /home/rowan/.local/cache/flox/process/.tmp14Urqx/temp-roots/by-iid/rustc /nix/store/jxsjbrzcxww6v7g4n4fqcw6sj7z7s3y9-rustc-wrapper-1.93.0-doc /nix/store/kfxswj02a5bskwnwn3jdz3micybbaw2r-rustc-wrapper-1.93.0-man /nix/store/rsy1282lj3dg4wdf5d00yvz7f6hjzxin-rustc-wrapper-1.93.0
2026-03-09T20:48:06.713583Z DEBUG check-upgrade:check-upgrade:build:substitute catalog package: flox_rust_sdk::providers::buildenv: using 'auto' store
2026-03-09T20:48:06.713601Z DEBUG check-upgrade:check-upgrade:build:substitute catalog package: flox_rust_sdk::providers::buildenv: checking store paths, including substituters cmd=/nix/store/qb1wfcd8w54i80zh4l98cmn1g58hggvc-nix-2.31.2+1/bin/nix --option extra-experimental-features 'nix-command flakes' --option pure-eval false --print-build-logs build --out-link /home/rowan/.local/cache/flox/process/.tmp14Urqx/temp-roots/by-iid/rustfmt /nix/store/yb62fm7wf3ysn5rnfj2r03snmk9pwwa2-rustfmt-1.93.0
2026-03-09T20:48:06.714045Z DEBUG check-upgrade:check-upgrade:build:substitute catalog package: flox_rust_sdk::providers::buildenv: using 'auto' store
2026-03-09T20:48:06.714135Z DEBUG check-upgrade:check-upgrade:build:substitute catalog package: flox_rust_sdk::providers::buildenv: checking store paths, including substituters cmd=/nix/store/qb1wfcd8w54i80zh4l98cmn1g58hggvc-nix-2.31.2+1/bin/nix --option extra-experimental-features 'nix-command flakes' --option pure-eval false --print-build-logs build --out-link /home/rowan/.local/cache/flox/process/.tmp14Urqx/temp-roots/by-iid/clippy /nix/store/5v47mbiidhck8rzw141hvmwkh515pfg3-clippy-1.93.0-debug /nix/store/0yj3hz7imj1zxmppn9gfps8h2jmvdi7g-clippy-1.93.0
2026-03-09T20:48:06.715002Z DEBUG check-upgrade:check-upgrade:build:substitute catalog package: flox_rust_sdk::providers::buildenv: using 'auto' store
2026-03-09T20:48:06.715021Z DEBUG check-upgrade:check-upgrade:build:substitute catalog package: flox_rust_sdk::providers::buildenv: checking store paths, including substituters cmd=/nix/store/qb1wfcd8w54i80zh4l98cmn1g58hggvc-nix-2.31.2+1/bin/nix --option extra-experimental-features 'nix-command flakes' --option pure-eval false --print-build-logs build --out-link /home/rowan/.local/cache/flox/process/.tmp14Urqx/temp-roots/by-iid/cargo-watch /nix/store/d3m2s0dlz5vcm5g696b3di5i3nvcpy5v-cargo-watch-8.5.3
2026-03-09T20:48:06.715202Z DEBUG check-upgrade:check-upgrade:build:substitute catalog package: flox_rust_sdk::providers::buildenv: using 'auto' store
2026-03-09T20:48:06.715203Z DEBUG check-upgrade:check-upgrade:build:substitute catalog package: flox_rust_sdk::providers::buildenv: using 'auto' store
2026-03-09T20:48:06.715276Z DEBUG check-upgrade:check-upgrade:build:substitute catalog package: flox_rust_sdk::providers::buildenv: using 'auto' store
2026-03-09T20:48:06.715273Z DEBUG check-upgrade:check-upgrade:build:substitute catalog package: flox_rust_sdk::providers::buildenv: checking store paths, including substituters cmd=/nix/store/qb1wfcd8w54i80zh4l98cmn1g58hggvc-nix-2.31.2+1/bin/nix --option extra-experimental-features 'nix-command flakes' --option pure-eval false --print-build-logs build --out-link /home/rowan/.local/cache/flox/process/.tmp14Urqx/temp-roots/by-iid/gcc /nix/store/mj78x8b2vp0q9j6xf7bmvinn3m2csfhp-gcc-wrapper-15.2.0-info /nix/store/crcj0frpw4i8shmfwgyfx9fsqklf2iq5-gcc-wrapper-15.2.0-man /nix/store/kbw2j1vag664b3sj3rjwz9v53cqx87sb-gcc-wrapper-15.2.0
2026-03-09T20:48:06.715288Z DEBUG check-upgrade:check-upgrade:build:substitute catalog package: flox_rust_sdk::providers::buildenv: checking store paths, including substituters cmd=/nix/store/qb1wfcd8w54i80zh4l98cmn1g58hggvc-nix-2.31.2+1/bin/nix --option extra-experimental-features 'nix-command flakes' --option pure-eval false --print-build-logs build --out-link /home/rowan/.local/cache/flox/process/.tmp14Urqx/temp-roots/by-iid/taplo /nix/store/xnyh9bi9wap6m3fq94q6sbav2qhh8f0d-taplo-0.10.0
2026-03-09T20:48:06.715222Z DEBUG check-upgrade:check-upgrade:build:substitute catalog package: flox_rust_sdk::providers::buildenv: checking store paths, including substituters cmd=/nix/store/qb1wfcd8w54i80zh4l98cmn1g58hggvc-nix-2.31.2+1/bin/nix --option extra-experimental-features 'nix-command flakes' --option pure-eval false --print-build-logs build --out-link /home/rowan/.local/cache/flox/process/.tmp14Urqx/temp-roots/by-iid/cargo-edit /nix/store/y4w0s8xvh9n87mkr0svjq9n62g8gn252-cargo-edit-0.13.8
2026-03-09T20:48:51.576184Z DEBUG check-upgrade:check-upgrade:build: flox_rust_sdk::providers::buildenv: using 'auto' store
2026-03-09T20:48:51.576243Z DEBUG check-upgrade:check-upgrade:build: flox_rust_sdk::providers::buildenv: building environment cmd=/nix/store/qb1wfcd8w54i80zh4l98cmn1g58hggvc-nix-2.31.2+1/bin/nix --option extra-experimental-features 'nix-command flakes' --option pure-eval false --print-build-logs build --no-link --offline --json --file /nix/store/a8vdkk6fhs2mcg1qhm4hwmiz6aizhyb7-flox-buildenv-0.0.1/lib/buildenv.nix --argstr manifestLock /home/rowan/.local/cache/flox/process/.tmp14Urqx/.tmpMOvzfi
2026-03-09T20:48:52.086065Z DEBUG check-upgrade: flox_rust_sdk::providers::upgrade_checks: wrote upgrade information upgrade_information_path="/home/rowan/dev/neurounify/.flox/cache/upgrade-checks.json"
2026-03-09T20:48:52.086251Z DEBUG flox::commands: removing process tempdir temp_dir="/home/rowan/.local/cache/flox/process/.tmp14Urqx"
